2017-06-06 17:20:50.194 D/test(MainActivity.java:53) : {
    "firstName": "Brett",
    "lastName": "McLaughlin"
}
2017-06-06 17:20:51.238 D/test(MainActivity.java:54) : <?xml version="1.0" encoding="UTF-8"?>
<note>
    <to>Tove</to>
    <from>Jani</from>
    <heading>Reminder</heading>
    <body>Don't forget me this weekend!</body>
</note>

2017-06-06 17:20:51.254 D/MainActivity(MainActivity.java:57) : String[2] : [abc, 123]
2017-06-06 17:20:51.273 D/MainActivity(MainActivity.java:59) : String[2][2] : [
    [abc, 123]
    [def, 456]
]
2017-06-06 17:20:51.291 D/MainActivity(MainActivity.java:64) : { Temporarily not support more than two dimensional Array! }
2017-06-06 17:20:51.566 D/MainActivity(MainActivity.java:72) : ArrayList {size = 2} [
    [0] : list1,
    [1] : list2
]
2017-06-06 17:20:51.577 D/MainActivity(MainActivity.java:77) : HashMap {size = 2} [
    [key2] -> value2,
    [key1] -> value1
]
2017-06-06 17:20:51.591 D/MainActivity(MainActivity.java:83) : Shoes[2] : [
    Shoes {
        color = red,
        name = A
    },
    Shoes {
        color = blue,
        name = B
    }
]
2017-06-06 17:20:51.602 D/MainActivity(MainActivity.java:87) : ArrayList {size = 2} [
    [0] : Shoes {
        color = red,
        name = A
    },
    [1] : Shoes {
        color = blue,
        name = B
    }
]
2017-06-06 17:20:51.615 D/MainActivity(MainActivity.java:92) : HashMap {size = 2} [
    [shoes2] -> Shoes {
        color = blue,
        name = B
    },
    [shoes1] -> Shoes {
        color = red,
        name = A
    }
]
2017-06-06 17:20:51.627 D/MainActivity(MainActivity.java:96) : HashMap {size = 1} [
    [Shoes {
        color = red,
        name = A
    }] -> Shoes {
        color = blue,
        name = B
    }
]
2017-06-06 17:20:51.655 D/MainActivity(MainActivity.java:98) : Person {
    array1 = String[2] : [abc, 123],
    array2 = String[2][2] : [
        [abc, 123]
        [def, 456]
    ],
    array3 = { Temporarily not support more than two dimensional Array! },
    array4 = null,
    clothes = Clothes {
        array1 = String[2] : [abc, 123],
        color = white,
        name = T-shirt
    },
    list = ArrayList {size = 2} [
        [0] : list1,
        [1] : list2
    ],
    map = HashMap {size = 2} [
        [key2] -> value2,
        [key1] -> value1
    ],
    name = Harry,
    sex = male,
    shoes = Shoes[2] : [
        Shoes {
            color = red,
            name = A
        },
        Shoes {
            color = blue,
            name = B
        }
    ],
    age = 25
}
2017-06-06 17:20:56.718 D/test(MainActivity.java:53) : {
    "firstName": "Brett",
    "lastName": "McLaughlin"
}
2017-06-06 17:20:56.777 D/test(MainActivity.java:54) : <?xml version="1.0" encoding="UTF-8"?>
<note>
    <to>Tove</to>
    <from>Jani</from>
    <heading>Reminder</heading>
    <body>Don't forget me this weekend!</body>
</note>

2017-06-06 17:20:56.784 D/MainActivity(MainActivity.java:57) : String[2] : [abc, 123]
2017-06-06 17:20:56.801 D/MainActivity(MainActivity.java:59) : String[2][2] : [
    [abc, 123]
    [def, 456]
]
2017-06-06 17:20:56.818 D/MainActivity(MainActivity.java:64) : { Temporarily not support more than two dimensional Array! }
2017-06-06 17:20:56.859 D/MainActivity(MainActivity.java:72) : ArrayList {size = 2} [
    [0] : list1,
    [1] : list2
]
2017-06-06 17:20:56.868 D/MainActivity(MainActivity.java:77) : HashMap {size = 2} [
    [key2] -> value2,
    [key1] -> value1
]
2017-06-06 17:20:56.886 D/MainActivity(MainActivity.java:83) : Shoes[2] : [
    Shoes {
        color = red,
        name = A
    },
    Shoes {
        color = blue,
        name = B
    }
]
2017-06-06 17:20:56.905 D/MainActivity(MainActivity.java:87) : ArrayList {size = 2} [
    [0] : Shoes {
        color = red,
        name = A
    },
    [1] : Shoes {
        color = blue,
        name = B
    }
]
2017-06-06 17:20:56.958 D/MainActivity(MainActivity.java:92) : HashMap {size = 2} [
    [shoes2] -> Shoes {
        color = blue,
        name = B
    },
    [shoes1] -> Shoes {
        color = red,
        name = A
    }
]
2017-06-06 17:20:57.046 D/MainActivity(MainActivity.java:96) : HashMap {size = 1} [
    [Shoes {
        color = red,
        name = A
    }] -> Shoes {
        color = blue,
        name = B
    }
]
2017-06-06 17:20:57.111 D/MainActivity(MainActivity.java:98) : Person {
    array1 = String[2] : [abc, 123],
    array2 = String[2][2] : [
        [abc, 123]
        [def, 456]
    ],
    array3 = { Temporarily not support more than two dimensional Array! },
    array4 = null,
    clothes = Clothes {
        array1 = String[2] : [abc, 123],
        color = white,
        name = T-shirt
    },
    list = ArrayList {size = 2} [
        [0] : list1,
        [1] : list2
    ],
    map = HashMap {size = 2} [
        [key2] -> value2,
        [key1] -> value1
    ],
    name = Harry,
    sex = male,
    shoes = Shoes[2] : [
        Shoes {
            color = red,
            name = A
        },
        Shoes {
            color = blue,
            name = B
        }
    ],
    age = 25
}
2017-06-06 17:21:02.441 D/test(MainActivity.java:53) : {
    "firstName": "Brett",
    "lastName": "McLaughlin"
}
2017-06-06 17:21:02.520 D/test(MainActivity.java:54) : <?xml version="1.0" encoding="UTF-8"?>
<note>
    <to>Tove</to>
    <from>Jani</from>
    <heading>Reminder</heading>
    <body>Don't forget me this weekend!</body>
</note>

2017-06-06 17:21:02.557 D/MainActivity(MainActivity.java:57) : String[2] : [abc, 123]
2017-06-06 17:21:02.580 D/MainActivity(MainActivity.java:59) : String[2][2] : [
    [abc, 123]
    [def, 456]
]
2017-06-06 17:21:02.596 D/MainActivity(MainActivity.java:64) : { Temporarily not support more than two dimensional Array! }
2017-06-06 17:21:02.601 D/MainActivity(MainActivity.java:72) : ArrayList {size = 2} [
    [0] : list1,
    [1] : list2
]
2017-06-06 17:21:02.608 D/MainActivity(MainActivity.java:77) : HashMap {size = 2} [
    [key2] -> value2,
    [key1] -> value1
]
2017-06-06 17:21:02.619 D/MainActivity(MainActivity.java:83) : Shoes[2] : [
    Shoes {
        color = red,
        name = A
    },
    Shoes {
        color = blue,
        name = B
    }
]
2017-06-06 17:21:02.631 D/MainActivity(MainActivity.java:87) : ArrayList {size = 2} [
    [0] : Shoes {
        color = red,
        name = A
    },
    [1] : Shoes {
        color = blue,
        name = B
    }
]
2017-06-06 17:21:02.643 D/MainActivity(MainActivity.java:92) : HashMap {size = 2} [
    [shoes2] -> Shoes {
        color = blue,
        name = B
    },
    [shoes1] -> Shoes {
        color = red,
        name = A
    }
]
2017-06-06 17:21:02.655 D/MainActivity(MainActivity.java:96) : HashMap {size = 1} [
    [Shoes {
        color = red,
        name = A
    }] -> Shoes {
        color = blue,
        name = B
    }
]
2017-06-06 17:21:02.678 D/MainActivity(MainActivity.java:98) : Person {
    array1 = String[2] : [abc, 123],
    array2 = String[2][2] : [
        [abc, 123]
        [def, 456]
    ],
    array3 = { Temporarily not support more than two dimensional Array! },
    array4 = null,
    clothes = Clothes {
        array1 = String[2] : [abc, 123],
        color = white,
        name = T-shirt
    },
    list = ArrayList {size = 2} [
        [0] : list1,
        [1] : list2
    ],
    map = HashMap {size = 2} [
        [key2] -> value2,
        [key1] -> value1
    ],
    name = Harry,
    sex = male,
    shoes = Shoes[2] : [
        Shoes {
            color = red,
            name = A
        },
        Shoes {
            color = blue,
            name = B
        }
    ],
    age = 25
}
